[debug] [2024-05-27T08:25:00.027Z] ----------------------------------------------------------------------
[debug] [2024-05-27T08:25:00.030Z] Command:       C:\Program Files\nodejs\node.exe C:\Users\HP\AppData\Roaming\npm\node_modules\firebase-tools\lib\bin\firebase.js init
[debug] [2024-05-27T08:25:00.030Z] CLI Version:   13.10.1
[debug] [2024-05-27T08:25:00.031Z] Platform:      win32
[debug] [2024-05-27T08:25:00.031Z] Node Version:  v21.7.1
[debug] [2024-05-27T08:25:00.031Z] Time:          Mon May 27 2024 11:25:00 GMT+0300 (East Africa Time)
[debug] [2024-05-27T08:25:00.031Z] ----------------------------------------------------------------------
[debug] 
[debug] [2024-05-27T08:25:00.036Z] >>> [apiv2][query] GET https://firebase-public.firebaseio.com/cli.json [none]
[debug] [2024-05-27T08:25:00.105Z] > command requires scopes: ["email","openid","https://www.googleapis.com/auth/cloudplatformprojects.readonly","https://www.googleapis.com/auth/firebase","https://www.googleapis.com/auth/cloud-platform"]
[debug] [2024-05-27T08:25:00.105Z] > authorizing via signed-in user (muxkesalman@gmail.com)
[info] 
     ######## #### ########  ######## ########     ###     ######  ########
     ##        ##  ##     ## ##       ##     ##  ##   ##  ##       ##
     ######    ##  ########  ######   ########  #########  ######  ######
     ##        ##  ##    ##  ##       ##     ## ##     ##       ## ##
     ##       #### ##     ## ######## ########  ##     ##  ######  ########

You're about to initialize a Firebase project in this directory:

  C:\Users\HP\Desktop\Expense tracker\expense-tracker

[debug] [2024-05-27T08:25:01.198Z] <<< [apiv2][status] GET https://firebase-public.firebaseio.com/cli.json 200
[debug] [2024-05-27T08:25:01.199Z] <<< [apiv2][body] GET https://firebase-public.firebaseio.com/cli.json {"cloudBuildErrorAfter":1594252800000,"cloudBuildWarnAfter":1590019200000,"defaultNode10After":1594252800000,"minVersion":"3.0.5","node8DeploysDisabledAfter":1613390400000,"node8RuntimeDisabledAfter":1615809600000,"node8WarnAfter":1600128000000}
[info] 
=== Project Setup
[info] 
[info] First, let's associate this project directory with a Firebase project.
[info] You can create multiple project aliases by running firebase use --add, 
[info] but for now we'll just set up a default project.
[info] 
[debug] [2024-05-27T08:25:53.969Z] > refreshing access token with scopes: []
[debug] [2024-05-27T08:25:53.971Z] >>> [apiv2][query] POST https://www.googleapis.com/oauth2/v3/token [none]
[debug] [2024-05-27T08:25:53.971Z] >>> [apiv2][body] POST https://www.googleapis.com/oauth2/v3/token [omitted]
[debug] [2024-05-27T08:25:54.605Z] <<< [apiv2][status] POST https://www.googleapis.com/oauth2/v3/token 200
[debug] [2024-05-27T08:25:54.605Z] <<< [apiv2][body] POST https://www.googleapis.com/oauth2/v3/token [omitted]
[debug] [2024-05-27T08:25:54.676Z] >>> [apiv2][query] GET https://firebase.googleapis.com/v1beta1/projects pageSize=100
[debug] [2024-05-27T08:25:55.578Z] <<< [apiv2][status] GET https://firebase.googleapis.com/v1beta1/projects 200
[debug] [2024-05-27T08:25:55.578Z] <<< [apiv2][body] GET https://firebase.googleapis.com/v1beta1/projects [omitted]
[info] i  Using project expense-tracker-9f976 (Expense Tracker) 
[info] 
=== Hosting Setup
[debug] [2024-05-27T08:26:01.628Z] >>> [apiv2][query] GET https://firebase.googleapis.com/v1beta1/projects/expense-tracker-9f976 [none]
[debug] [2024-05-27T08:26:02.358Z] <<< [apiv2][status] GET https://firebase.googleapis.com/v1beta1/projects/expense-tracker-9f976 200
[debug] [2024-05-27T08:26:02.358Z] <<< [apiv2][body] GET https://firebase.googleapis.com/v1beta1/projects/expense-tracker-9f976 {"projectId":"expense-tracker-9f976","projectNumber":"694843519613","displayName":"Expense Tracker","name":"projects/expense-tracker-9f976","resources":{"hostingSite":"expense-tracker-9f976"},"state":"ACTIVE","etag":"1_b7fc3569-e245-4c64-a04f-6188a9ac05f8"}
[info] 
[info] Your public directory is the folder (relative to your project directory) that
[info] will contain Hosting assets to be uploaded with firebase deploy. If you
[info] have a build process for your assets, use your build's output directory.
[info] 
